  DocumentaryFilmDirector.cpp
G:\Учеба второй курс\C++ projects\MultiInheritance\MultiInheritance\DocumentaryFilmDirector.cpp(8,31): error C2011: 'DocumentaryFilmDirector': 'class' type redefinition
G:\Учеба второй курс\C++ projects\MultiInheritance\MultiInheritance\DocumentaryFilmDirector.h(7): message : see declaration of 'DocumentaryFilmDirector'
G:\Учеба второй курс\C++ projects\MultiInheritance\MultiInheritance\DocumentaryFilmDirector.cpp(21,26): error C2027: use of undefined type 'DocumentaryFilmDirector'
G:\Учеба второй курс\C++ projects\MultiInheritance\MultiInheritance\DocumentaryFilmDirector.h(7): message : see declaration of 'DocumentaryFilmDirector'
G:\Учеба второй курс\C++ projects\MultiInheritance\MultiInheritance\DocumentaryFilmDirector.cpp(21,52): error C4430: missing type specifier - int assumed. Note: C++ does not support default-int
G:\Учеба второй курс\C++ projects\MultiInheritance\MultiInheritance\DocumentaryFilmDirector.cpp(21,69): error C2550: '{ctor}': constructor initializer lists are only allowed on constructor definitions
G:\Учеба второй курс\C++ projects\MultiInheritance\MultiInheritance\DocumentaryFilmDirector.cpp(22,5): error C2065: 'sourcesList': undeclared identifier
G:\Учеба второй курс\C++ projects\MultiInheritance\MultiInheritance\DocumentaryFilmDirector.cpp(23,32): error C2065: 'sourcesList': undeclared identifier
G:\Учеба второй курс\C++ projects\MultiInheritance\MultiInheritance\DocumentaryFilmDirector.cpp(23,54): error C2065: 'sourcesList': undeclared identifier
G:\Учеба второй курс\C++ projects\MultiInheritance\MultiInheritance\DocumentaryFilmDirector.cpp(24,9): error C2065: 'sourcesList': undeclared identifier
G:\Учеба второй курс\C++ projects\MultiInheritance\MultiInheritance\DocumentaryFilmDirector.cpp(26,1): warning C4508: '{ctor}': function should return a value; 'void' return type assumed
G:\Учеба второй курс\C++ projects\MultiInheritance\MultiInheritance\DocumentaryFilmDirector.cpp(27,26): error C2027: use of undefined type 'DocumentaryFilmDirector'
G:\Учеба второй курс\C++ projects\MultiInheritance\MultiInheritance\DocumentaryFilmDirector.h(7): message : see declaration of 'DocumentaryFilmDirector'
G:\Учеба второй курс\C++ projects\MultiInheritance\MultiInheritance\DocumentaryFilmDirector.cpp(27,147): error C4430: missing type specifier - int assumed. Note: C++ does not support default-int
G:\Учеба второй курс\C++ projects\MultiInheritance\MultiInheritance\DocumentaryFilmDirector.cpp(27,209): error C2550: '{ctor}': constructor initializer lists are only allowed on constructor definitions
G:\Учеба второй курс\C++ projects\MultiInheritance\MultiInheritance\DocumentaryFilmDirector.cpp(28,5): error C2355: 'this': can only be referenced inside non-static member functions or non-static data member initializers
G:\Учеба второй курс\C++ projects\MultiInheritance\MultiInheritance\DocumentaryFilmDirector.cpp(29,1): warning C4508: '{ctor}': function should return a value; 'void' return type assumed
G:\Учеба второй курс\C++ projects\MultiInheritance\MultiInheritance\DocumentaryFilmDirector.cpp(30,27): error C2027: use of undefined type 'DocumentaryFilmDirector'
G:\Учеба второй курс\C++ projects\MultiInheritance\MultiInheritance\DocumentaryFilmDirector.h(7): message : see declaration of 'DocumentaryFilmDirector'
G:\Учеба второй курс\C++ projects\MultiInheritance\MultiInheritance\DocumentaryFilmDirector.cpp(30,53): error C4430: missing type specifier - int assumed. Note: C++ does not support default-int
G:\Учеба второй курс\C++ projects\MultiInheritance\MultiInheritance\DocumentaryFilmDirector.cpp(32,1): warning C4508: '{dtor}': function should return a value; 'void' return type assumed
G:\Учеба второй курс\C++ projects\MultiInheritance\MultiInheritance\DocumentaryFilmDirector.cpp(33,32): error C2027: use of undefined type 'DocumentaryFilmDirector'
G:\Учеба второй курс\C++ projects\MultiInheritance\MultiInheritance\DocumentaryFilmDirector.h(7): message : see declaration of 'DocumentaryFilmDirector'
G:\Учеба второй курс\C++ projects\MultiInheritance\MultiInheritance\DocumentaryFilmDirector.cpp(34,19): error C2352: 'FilmDirector::showInfo': illegal call of non-static member function
G:\Учеба второй курс\C++ projects\MultiInheritance\MultiInheritance\FilmDirector.h(34): message : see declaration of 'FilmDirector::showInfo'
G:\Учеба второй курс\C++ projects\MultiInheritance\MultiInheritance\DocumentaryFilmDirector.cpp(36,32): error C2065: 'sourcesList': undeclared identifier
G:\Учеба второй курс\C++ projects\MultiInheritance\MultiInheritance\DocumentaryFilmDirector.cpp(36,54): error C2065: 'sourcesList': undeclared identifier
G:\Учеба второй курс\C++ projects\MultiInheritance\MultiInheritance\DocumentaryFilmDirector.cpp(37,17): error C2065: 'sourcesList': undeclared identifier
  FeatureFilmDirector.cpp
G:\Учеба второй курс\C++ projects\MultiInheritance\MultiInheritance\FeatureFilmDirector.cpp(8,27): error C2011: 'FeatureFilmDirector': 'class' type redefinition
G:\Учеба второй курс\C++ projects\MultiInheritance\MultiInheritance\FeatureFilmDirector.h(7): message : see declaration of 'FeatureFilmDirector'
G:\Учеба второй курс\C++ projects\MultiInheritance\MultiInheritance\FeatureFilmDirector.cpp(21,22): error C2027: use of undefined type 'FeatureFilmDirector'
G:\Учеба второй курс\C++ projects\MultiInheritance\MultiInheritance\FeatureFilmDirector.h(7): message : see declaration of 'FeatureFilmDirector'
G:\Учеба второй курс\C++ projects\MultiInheritance\MultiInheritance\FeatureFilmDirector.cpp(21,44): error C4430: missing type specifier - int assumed. Note: C++ does not support default-int
G:\Учеба второй курс\C++ projects\MultiInheritance\MultiInheritance\FeatureFilmDirector.cpp(21,61): error C2550: '{ctor}': constructor initializer lists are only allowed on constructor definitions
G:\Учеба второй курс\C++ projects\MultiInheritance\MultiInheritance\FeatureFilmDirector.cpp(22,5): error C2355: 'this': can only be referenced inside non-static member functions or non-static data member initializers
G:\Учеба второй курс\C++ projects\MultiInheritance\MultiInheritance\FeatureFilmDirector.cpp(23,1): warning C4508: '{ctor}': function should return a value; 'void' return type assumed
G:\Учеба второй курс\C++ projects\MultiInheritance\MultiInheritance\FeatureFilmDirector.cpp(24,22): error C2027: use of undefined type 'FeatureFilmDirector'
G:\Учеба второй курс\C++ projects\MultiInheritance\MultiInheritance\FeatureFilmDirector.h(7): message : see declaration of 'FeatureFilmDirector'
G:\Учеба второй курс\C++ projects\MultiInheritance\MultiInheritance\FeatureFilmDirector.cpp(24,146): error C4430: missing type specifier - int assumed. Note: C++ does not support default-int
G:\Учеба второй курс\C++ projects\MultiInheritance\MultiInheritance\FeatureFilmDirector.cpp(24,208): error C2550: '{ctor}': constructor initializer lists are only allowed on constructor definitions
G:\Учеба второй курс\C++ projects\MultiInheritance\MultiInheritance\FeatureFilmDirector.cpp(25,5): error C2355: 'this': can only be referenced inside non-static member functions or non-static data member initializers
G:\Учеба второй курс\C++ projects\MultiInheritance\MultiInheritance\FeatureFilmDirector.cpp(26,1): warning C4508: '{ctor}': function should return a value; 'void' return type assumed
G:\Учеба второй курс\C++ projects\MultiInheritance\MultiInheritance\FeatureFilmDirector.cpp(27,23): error C2027: use of undefined type 'FeatureFilmDirector'
G:\Учеба второй курс\C++ projects\MultiInheritance\MultiInheritance\FeatureFilmDirector.h(7): message : see declaration of 'FeatureFilmDirector'
G:\Учеба второй курс\C++ projects\MultiInheritance\MultiInheritance\FeatureFilmDirector.cpp(27,45): error C4430: missing type specifier - int assumed. Note: C++ does not support default-int
G:\Учеба второй курс\C++ projects\MultiInheritance\MultiInheritance\FeatureFilmDirector.cpp(29,1): warning C4508: '{dtor}': function should return a value; 'void' return type assumed
G:\Учеба второй курс\C++ projects\MultiInheritance\MultiInheritance\FeatureFilmDirector.cpp(30,27): error C2027: use of undefined type 'FeatureFilmDirector'
G:\Учеба второй курс\C++ projects\MultiInheritance\MultiInheritance\FeatureFilmDirector.h(7): message : see declaration of 'FeatureFilmDirector'
G:\Учеба второй курс\C++ projects\MultiInheritance\MultiInheritance\FeatureFilmDirector.cpp(31,19): error C2352: 'FilmDirector::showInfo': illegal call of non-static member function
G:\Учеба второй курс\C++ projects\MultiInheritance\MultiInheritance\FilmDirector.h(34): message : see declaration of 'FilmDirector::showInfo'
G:\Учеба второй курс\C++ projects\MultiInheritance\MultiInheritance\FeatureFilmDirector.cpp(32,41): error C2355: 'this': can only be referenced inside non-static member functions or non-static data member initializers
  Film.cpp
G:\Учеба второй курс\C++ projects\MultiInheritance\MultiInheritance\Film.cpp(9,1): error C2011: 'Film': 'class' type redefinition
G:\Учеба второй курс\C++ projects\MultiInheritance\MultiInheritance\Film.h(7): message : see declaration of 'Film'
G:\Учеба второй курс\C++ projects\MultiInheritance\MultiInheritance\Film.cpp(21,7): error C2027: use of undefined type 'Film'
G:\Учеба второй курс\C++ projects\MultiInheritance\MultiInheritance\Film.h(7): message : see declaration of 'Film'
G:\Учеба второй курс\C++ projects\MultiInheritance\MultiInheritance\Film.cpp(21,14): error C4430: missing type specifier - int assumed. Note: C++ does not support default-int
G:\Учеба второй курс\C++ projects\MultiInheritance\MultiInheritance\Film.cpp(22,5): error C2065: 'title': undeclared identifier
G:\Учеба второй курс\C++ projects\MultiInheritance\MultiInheritance\Film.cpp(23,5): error C2065: 'titre': undeclared identifier
G:\Учеба второй курс\C++ projects\MultiInheritance\MultiInheritance\Film.cpp(24,1): warning C4508: '{ctor}': function should return a value; 'void' return type assumed
G:\Учеба второй курс\C++ projects\MultiInheritance\MultiInheritance\Film.cpp(26,7): error C2027: use of undefined type 'Film'
G:\Учеба второй курс\C++ projects\MultiInheritance\MultiInheritance\Film.h(7): message : see declaration of 'Film'
G:\Учеба второй курс\C++ projects\MultiInheritance\MultiInheritance\Film.cpp(26,41): error C4430: missing type specifier - int assumed. Note: C++ does not support default-int
G:\Учеба второй курс\C++ projects\MultiInheritance\MultiInheritance\Film.cpp(27,5): error C2355: 'this': can only be referenced inside non-static member functions or non-static data member initializers
G:\Учеба второй курс\C++ projects\MultiInheritance\MultiInheritance\Film.cpp(28,5): error C2355: 'this': can only be referenced inside non-static member functions or non-static data member initializers
G:\Учеба второй курс\C++ projects\MultiInheritance\MultiInheritance\Film.cpp(29,1): warning C4508: '{ctor}': function should return a value; 'void' return type assumed
G:\Учеба второй курс\C++ projects\MultiInheritance\MultiInheritance\Film.cpp(30,8): error C2027: use of undefined type 'Film'
G:\Учеба второй курс\C++ projects\MultiInheritance\MultiInheritance\Film.h(7): message : see declaration of 'Film'
G:\Учеба второй курс\C++ projects\MultiInheritance\MultiInheritance\Film.cpp(30,15): error C4430: missing type specifier - int assumed. Note: C++ does not support default-int
G:\Учеба второй курс\C++ projects\MultiInheritance\MultiInheritance\Film.cpp(32,1): warning C4508: '{dtor}': function should return a value; 'void' return type assumed
G:\Учеба второй курс\C++ projects\MultiInheritance\MultiInheritance\Film.cpp(34,12): error C2027: use of undefined type 'Film'
G:\Учеба второй курс\C++ projects\MultiInheritance\MultiInheritance\Film.h(7): message : see declaration of 'Film'
G:\Учеба второй курс\C++ projects\MultiInheritance\MultiInheritance\Film.cpp(35,33): error C2355: 'this': can only be referenced inside non-static member functions or non-static data member initializers
G:\Учеба второй курс\C++ projects\MultiInheritance\MultiInheritance\Film.cpp(35,61): error C2355: 'this': can only be referenced inside non-static member functions or non-static data member initializers
  FilmDirector.cpp
G:\Учеба второй курс\C++ projects\MultiInheritance\MultiInheritance\FilmDirector.cpp(10,20): error C2011: 'FilmDirector': 'class' type redefinition
G:\Учеба второй курс\C++ projects\MultiInheritance\MultiInheritance\FilmDirector.h(9): message : see declaration of 'FilmDirector'
G:\Учеба второй курс\C++ projects\MultiInheritance\MultiInheritance\FilmDirector.cpp(23,15): error C2027: use of undefined type 'FilmDirector'
G:\Учеба второй курс\C++ projects\MultiInheritance\MultiInheritance\FilmDirector.h(9): message : see declaration of 'FilmDirector'
G:\Учеба второй курс\C++ projects\MultiInheritance\MultiInheritance\FilmDirector.cpp(23,30): error C4430: missing type specifier - int assumed. Note: C++ does not support default-int
G:\Учеба второй курс\C++ projects\MultiInheritance\MultiInheritance\FilmDirector.cpp(23,43): error C2550: '{ctor}': constructor initializer lists are only allowed on constructor definitions
G:\Учеба второй курс\C++ projects\MultiInheritance\MultiInheritance\FilmDirector.cpp(24,5): error C2065: 'filmList': undeclared identifier
G:\Учеба второй курс\C++ projects\MultiInheritance\MultiInheritance\FilmDirector.cpp(25,32): error C2065: 'filmList': undeclared identifier
G:\Учеба второй курс\C++ projects\MultiInheritance\MultiInheritance\FilmDirector.cpp(25,51): error C2065: 'filmList': undeclared identifier
G:\Учеба второй курс\C++ projects\MultiInheritance\MultiInheritance\FilmDirector.cpp(26,9): error C2065: 'filmList': undeclared identifier
G:\Учеба второй курс\C++ projects\MultiInheritance\MultiInheritance\FilmDirector.cpp(28,1): warning C4508: '{ctor}': function should return a value; 'void' return type assumed
G:\Учеба второй курс\C++ projects\MultiInheritance\MultiInheritance\FilmDirector.cpp(29,15): error C2027: use of undefined type 'FilmDirector'
G:\Учеба второй курс\C++ projects\MultiInheritance\MultiInheritance\FilmDirector.h(9): message : see declaration of 'FilmDirector'
G:\Учеба второй курс\C++ projects\MultiInheritance\MultiInheritance\FilmDirector.cpp(29,103): error C4430: missing type specifier - int assumed. Note: C++ does not support default-int
G:\Учеба второй курс\C++ projects\MultiInheritance\MultiInheritance\FilmDirector.cpp(29,151): error C2550: '{ctor}': constructor initializer lists are only allowed on constructor definitions
G:\Учеба второй курс\C++ projects\MultiInheritance\MultiInheritance\FilmDirector.cpp(30,5): error C2355: 'this': can only be referenced inside non-static member functions or non-static data member initializers
G:\Учеба второй курс\C++ projects\MultiInheritance\MultiInheritance\FilmDirector.cpp(31,1): warning C4508: '{ctor}': function should return a value; 'void' return type assumed
G:\Учеба второй курс\C++ projects\MultiInheritance\MultiInheritance\FilmDirector.cpp(32,16): error C2027: use of undefined type 'FilmDirector'
G:\Учеба второй курс\C++ projects\MultiInheritance\MultiInheritance\FilmDirector.h(9): message : see declaration of 'FilmDirector'
G:\Учеба второй курс\C++ projects\MultiInheritance\MultiInheritance\FilmDirector.cpp(32,31): error C4430: missing type specifier - int assumed. Note: C++ does not support default-int
G:\Учеба второй курс\C++ projects\MultiInheritance\MultiInheritance\FilmDirector.cpp(34,1): warning C4508: '{dtor}': function should return a value; 'void' return type assumed
G:\Учеба второй курс\C++ projects\MultiInheritance\MultiInheritance\FilmDirector.cpp(35,20): error C2027: use of undefined type 'FilmDirector'
G:\Учеба второй курс\C++ projects\MultiInheritance\MultiInheritance\FilmDirector.h(9): message : see declaration of 'FilmDirector'
G:\Учеба второй курс\C++ projects\MultiInheritance\MultiInheritance\FilmDirector.cpp(36,15): error C2352: 'Director::showInfo': illegal call of non-static member function
G:\Учеба второй курс\C++ projects\MultiInheritance\MultiInheritance\Director.h(31): message : see declaration of 'Director::showInfo'
G:\Учеба второй курс\C++ projects\MultiInheritance\MultiInheritance\FilmDirector.cpp(38,32): error C2065: 'filmList': undeclared identifier
G:\Учеба второй курс\C++ projects\MultiInheritance\MultiInheritance\FilmDirector.cpp(38,51): error C2065: 'filmList': undeclared identifier
G:\Учеба второй курс\C++ projects\MultiInheritance\MultiInheritance\FilmDirector.cpp(39,9): error C2065: 'filmList': undeclared identifier
  Worker.cpp
  Generating Code...
